<?xml version="1.0" encoding="UTF-8"?>
<!-- Generated by org.testng.reporters.JUnitReportReporter -->
<testsuite hostname="JFlores-EDP-100-667.local" failures="0" tests="1" name="testpackage.Class2" time="0.002" errors="0" timestamp="2022-12-16T14:50:45 PST" skipped="0">
  <testcase classname="testpackage.Class2" name="Demo2" time="0.002"/>
  <system-out/>
</testsuite> <!-- testpackage.Class2 -->
