<?xml version="1.0" encoding="UTF-8"?>
<!-- Generated by org.testng.reporters.JUnitReportReporter -->
<testsuite hostname="JFlores-EDP-100-667.local" failures="0" tests="1" name="testpackage.Class1" time="0.009" errors="0" timestamp="2022-12-16T14:50:45 PST" skipped="0">
  <testcase classname="testpackage.Class1" name="Demo" time="0.009"/>
  <system-out/>
</testsuite> <!-- testpackage.Class1 -->
